[EXECUTOR] executeTask - Begin task execution
WORKER - Parameters of execution:
  * Method type: METHOD
  * Method definition: [DECLARING CLASS=resources_in_worker, METHOD NAME=select_element]
  * Parameter types: java.lang.String int
  * Parameter values: d11v1_1549884247472.IT 4
  * Parameter streams: UNSPECIFIED UNSPECIFIED
  * Parameter prefixes: null null
  * Has Target: false
  * Has Return: true
[INVOKER] COMPSS_HOSTNAMES: s20r2b21
[INVOKER] COMPSS_NUM_NODES: 1
[INVOKER] COMPSS_NUM_THREADS: 1
[EXECUTOR] executeTask - End task execution
ask.
DEBUG - [PYTHON WORKER Process-5] - TASK CMD: ['EXECUTE_TASK', '11', '/scratch/tmp/4589589/d5245d52-313a-4db3-8010-a92ee38db6ae/s20r2b21-ib0/jobs/job11_NEW.out', '/scratch/tmp/4589589/d5245d52-313a-4db3-8010-a92ee38db6ae/s20r2b21-ib0/jobs/job11_NEW.err', 'false', '11', 'true', 'null', 'METHOD', 'resources_in_worker', 'select_element', '1', 's20r2b21-ib0', '1', 'false', '9', '1', '3', '26', '3', 'null', 'c', 'd11v1_1549884247472.IT', '4', '3', 'null', 'i', '4', '9', '3', '#', '$return_0', '/scratch/tmp/4589589/d5245d52-313a-4db3-8010-a92ee38db6ae/s20r2b21-ib0/d12v2_1549884247472.IT:/scratch/tmp/4589589/d5245d52-313a-4db3-8010-a92ee38db6ae/s20r2b21-ib0/d12v2_1549884247472.IT:false:true:/scratch/tmp/4589589/d5245d52-313a-4db3-8010-a92ee38db6ae/s20r2b21-ib0/d12v2_1549884247472.IT']
DEBUG - [PYTHON WORKER Process-5] Begin task execution
DEBUG - [PYTHON WORKER Process-5] Storage conf: null
DEBUG - [PYTHON WORKER Process-5] Params: ['resources_in_worker', 'select_element', '1', 's20r2b21-ib0', '1', 'false', '9', '1', '3', '26', '3', 'null', 'c', 'd11v1_1549884247472.IT', '4', '3', 'null', 'i', '4', '9', '3', '#', '$return_0', '/scratch/tmp/4589589/d5245d52-313a-4db3-8010-a92ee38db6ae/s20r2b21-ib0/d12v2_1549884247472.IT:/scratch/tmp/4589589/d5245d52-313a-4db3-8010-a92ee38db6ae/s20r2b21-ib0/d12v2_1549884247472.IT:false:true:/scratch/tmp/4589589/d5245d52-313a-4db3-8010-a92ee38db6ae/s20r2b21-ib0/d12v2_1549884247472.IT']
DEBUG - [PYTHON WORKER Process-5] Path: resources_in_worker
DEBUG - [PYTHON WORKER Process-5] Method name: select_element
DEBUG - [PYTHON WORKER Process-5] Num slaves: 1
DEBUG - [PYTHON WORKER Process-5] Slaves: ['1']
DEBUG - [PYTHON WORKER Process-5] Cus: 1
DEBUG - [PYTHON WORKER Process-5] Has target: false
DEBUG - [PYTHON WORKER Process-5] Num Params: 3
DEBUG - [PYTHON WORKER Process-5] Return Length: 1
DEBUG - [PYTHON WORKER Process-5] Args: ['26', '3', 'null', 'c', 'd11v1_1549884247472.IT', '4', '3', 'null', 'i', '4', '9', '3', '#', '$return_0', '/scratch/tmp/4589589/d5245d52-313a-4db3-8010-a92ee38db6ae/s20r2b21-ib0/d12v2_1549884247472.IT:/scratch/tmp/4589589/d5245d52-313a-4db3-8010-a92ee38db6ae/s20r2b21-ib0/d12v2_1549884247472.IT:false:true:/scratch/tmp/4589589/d5245d52-313a-4db3-8010-a92ee38db6ae/s20r2b21-ib0/d12v2_1549884247472.IT']
DEBUG - [PYTHON WORKER Process-5] Processing parameters:
DEBUG - [PYTHON WORKER Process-5] Parameter : 0
DEBUG - [PYTHON WORKER Process-5] 	 * Type : 26
DEBUG - [PYTHON WORKER Process-5] 	 * Stream : 3
DEBUG - [PYTHON WORKER Process-5] 	 * Prefix : null
DEBUG - [PYTHON WORKER Process-5] 	 * Name : c
DEBUG - [PYTHON WORKER Process-5] 	 * Value: 'd11v1_1549884247472.IT'
DEBUG - [PYTHON WORKER Process-5] Parameter : 1
DEBUG - [PYTHON WORKER Process-5] 	 * Type : 4
DEBUG - [PYTHON WORKER Process-5] 	 * Stream : 3
DEBUG - [PYTHON WORKER Process-5] 	 * Prefix : null
DEBUG - [PYTHON WORKER Process-5] 	 * Name : i
DEBUG - [PYTHON WORKER Process-5] 	 * Value: '4'
DEBUG - [PYTHON WORKER Process-5] Parameter : 2
DEBUG - [PYTHON WORKER Process-5] 	 * Type : 9
DEBUG - [PYTHON WORKER Process-5] 	 * Stream : 3
DEBUG - [PYTHON WORKER Process-5] 	 * Prefix : #
DEBUG - [PYTHON WORKER Process-5] 	 * Name : $return_0
DEBUG - [PYTHON WORKER Process-5] 	 * Value: '/scratch/tmp/4589589/d5245d52-313a-4db3-8010-a92ee38db6ae/s20r2b21-ib0/d12v2_1549884247472.IT:/scratch/tmp/4589589/d5245d52-313a-4db3-8010-a92ee38db6ae/s20r2b21-ib0/d12v2_1549884247472.IT:false:true:/scratch/tmp/4589589/d5245d52-313a-4db3-8010-a92ee38db6ae/s20r2b21-ib0/d12v2_1549884247472.IT'
DEBUG - [PYTHON WORKER Process-5] RUN TASK with arguments: 
DEBUG - [PYTHON WORKER Process-5] 	- Path: resources_in_worker
DEBUG - [PYTHON WORKER Process-5] 	- Method/function name: select_element
DEBUG - [PYTHON WORKER Process-5] 	- Has target: false
DEBUG - [PYTHON WORKER Process-5] 	- # parameters: 3
DEBUG - [PYTHON WORKER Process-5] 	- Values:
DEBUG - [PYTHON WORKER Process-5] 		 
Parameter c
	Type 26
	File Name d11v1_1549884247472.IT
	Key None
	Content None
	Stream 3
	Prefix null
--------------------

DEBUG - [PYTHON WORKER Process-5] 		 
Parameter i
	Type 4
	File Name None
	Key None
	Content 4
	Stream 3
	Prefix null
--------------------

DEBUG - [PYTHON WORKER Process-5] 		 
Parameter $return_0
	Type 9
	File Name /scratch/tmp/4589589/d5245d52-313a-4db3-8010-a92ee38db6ae/s20r2b21-ib0/d12v2_1549884247472.IT:/scratch/tmp/4589589/d5245d52-313a-4db3-8010-a92ee38db6ae/s20r2b21-ib0/d12v2_1549884247472.IT:false:true:/scratch/tmp/4589589/d5245d52-313a-4db3-8010-a92ee38db6ae/s20r2b21-ib0/d12v2_1549884247472.IT
	Key None
	Content None
	Stream 3
	Prefix #
--------------------

DEBUG - [PYTHON WORKER Process-5] 	- COMPSs types:
DEBUG - [PYTHON WORKER Process-5] 		 26
DEBUG - [PYTHON WORKER Process-5] 		 4
DEBUG - [PYTHON WORKER Process-5] 		 9
DEBUG - [PYTHON WORKER Process-5] Trying to import the user module: resources_in_worker
DEBUG - [PYTHON WORKER Process-5] Module successfully loaded (Python version >= 2.7)
DEBUG - [PYTHON WORKER Process-5] Starting task execution
DEBUG - [PYTHON WORKER Process-5] Types : [26, 4, 9] 
DEBUG - [PYTHON WORKER Process-5] Values: [
Parameter c
	Type 26
	File Name d11v1_1549884247472.IT
	Key None
	Content None
	Stream 3
	Prefix null
--------------------
, 
Parameter i
	Type 4
	File Name None
	Key None
	Content 4
	Stream 3
	Prefix null
--------------------
, 
Parameter $return_0
	Type 9
	File Name /scratch/tmp/4589589/d5245d52-313a-4db3-8010-a92ee38db6ae/s20r2b21-ib0/d12v2_1549884247472.IT:/scratch/tmp/4589589/d5245d52-313a-4db3-8010-a92ee38db6ae/s20r2b21-ib0/d12v2_1549884247472.IT:false:true:/scratch/tmp/4589589/d5245d52-313a-4db3-8010-a92ee38db6ae/s20r2b21-ib0/d12v2_1549884247472.IT
	Key None
	Content None
	Stream 3
	Prefix #
--------------------
] 
DEBUG - [PYTHON WORKER Process-5] Return Types : [] 
DEBUG - [PYTHON WORKER Process-5] Return Values: [] 
DEBUG - [PYTHON WORKER Process-5] Return isModifier: True 
DEBUG - [PYTHON WORKER Process-5] Finished task execution
DEBUG - [PYTHON WORKER Process-5] End task execution. Status: Ok
DEBUG - [PYTHON WORKER Process-5] - Pipe /scratch/tmp/4589589/d5245d52-313a-4db3-8010-a92ee38db6ae/s20r2b21-ib0/pipe_-1947811243_compute5.inbound END TASK MESSAGE: END_TASK 11 0 1 

