[EXECUTOR] executeTask - Begin task execution
WORKER - Parameters of execution:
  * Method type: METHOD
  * Method definition: [DECLARING CLASS=resources_in_worker, METHOD NAME=generate_object]
  * Parameter types: int
  * Parameter values: 7
  * Parameter streams: UNSPECIFIED
  * Parameter prefixes: null
  * Has Target: false
  * Has Return: true
[INVOKER] COMPSS_HOSTNAMES: s12r2b70
[INVOKER] COMPSS_NUM_NODES: 1
[INVOKER] COMPSS_NUM_THREADS: 1
[EXECUTOR] executeTask - End task execution
ask.
DEBUG - [PYTHON WORKER Process-4] - TASK CMD: ['EXECUTE_TASK', '8', '/scratch/tmp/4589589/d5245d52-313a-4db3-8010-a92ee38db6ae/s12r2b70-ib0/jobs/job8_NEW.out', '/scratch/tmp/4589589/d5245d52-313a-4db3-8010-a92ee38db6ae/s12r2b70-ib0/jobs/job8_NEW.err', 'false', '8', 'true', 'null', 'METHOD', 'resources_in_worker', 'generate_object', '1', 's12r2b70-ib0', '1', 'false', '9', '1', '2', '4', '3', 'null', 'seed', '7', '9', '3', '#', '$return_0', '/scratch/tmp/4589589/d5245d52-313a-4db3-8010-a92ee38db6ae/s12r2b70-ib0/d8v2_1549884247472.IT:/scratch/tmp/4589589/d5245d52-313a-4db3-8010-a92ee38db6ae/s12r2b70-ib0/d8v2_1549884247472.IT:false:true:/scratch/tmp/4589589/d5245d52-313a-4db3-8010-a92ee38db6ae/s12r2b70-ib0/d8v2_1549884247472.IT']
DEBUG - [PYTHON WORKER Process-4] Begin task execution
DEBUG - [PYTHON WORKER Process-4] Storage conf: null
DEBUG - [PYTHON WORKER Process-4] Params: ['resources_in_worker', 'generate_object', '1', 's12r2b70-ib0', '1', 'false', '9', '1', '2', '4', '3', 'null', 'seed', '7', '9', '3', '#', '$return_0', '/scratch/tmp/4589589/d5245d52-313a-4db3-8010-a92ee38db6ae/s12r2b70-ib0/d8v2_1549884247472.IT:/scratch/tmp/4589589/d5245d52-313a-4db3-8010-a92ee38db6ae/s12r2b70-ib0/d8v2_1549884247472.IT:false:true:/scratch/tmp/4589589/d5245d52-313a-4db3-8010-a92ee38db6ae/s12r2b70-ib0/d8v2_1549884247472.IT']
DEBUG - [PYTHON WORKER Process-4] Path: resources_in_worker
DEBUG - [PYTHON WORKER Process-4] Method name: generate_object
DEBUG - [PYTHON WORKER Process-4] Num slaves: 1
DEBUG - [PYTHON WORKER Process-4] Slaves: ['1']
DEBUG - [PYTHON WORKER Process-4] Cus: 1
DEBUG - [PYTHON WORKER Process-4] Has target: false
DEBUG - [PYTHON WORKER Process-4] Num Params: 2
DEBUG - [PYTHON WORKER Process-4] Return Length: 1
DEBUG - [PYTHON WORKER Process-4] Args: ['4', '3', 'null', 'seed', '7', '9', '3', '#', '$return_0', '/scratch/tmp/4589589/d5245d52-313a-4db3-8010-a92ee38db6ae/s12r2b70-ib0/d8v2_1549884247472.IT:/scratch/tmp/4589589/d5245d52-313a-4db3-8010-a92ee38db6ae/s12r2b70-ib0/d8v2_1549884247472.IT:false:true:/scratch/tmp/4589589/d5245d52-313a-4db3-8010-a92ee38db6ae/s12r2b70-ib0/d8v2_1549884247472.IT']
DEBUG - [PYTHON WORKER Process-4] Processing parameters:
DEBUG - [PYTHON WORKER Process-4] Parameter : 0
DEBUG - [PYTHON WORKER Process-4] 	 * Type : 4
DEBUG - [PYTHON WORKER Process-4] 	 * Stream : 3
DEBUG - [PYTHON WORKER Process-4] 	 * Prefix : null
DEBUG - [PYTHON WORKER Process-4] 	 * Name : seed
DEBUG - [PYTHON WORKER Process-4] 	 * Value: '7'
DEBUG - [PYTHON WORKER Process-4] Parameter : 1
DEBUG - [PYTHON WORKER Process-4] 	 * Type : 9
DEBUG - [PYTHON WORKER Process-4] 	 * Stream : 3
DEBUG - [PYTHON WORKER Process-4] 	 * Prefix : #
DEBUG - [PYTHON WORKER Process-4] 	 * Name : $return_0
DEBUG - [PYTHON WORKER Process-4] 	 * Value: '/scratch/tmp/4589589/d5245d52-313a-4db3-8010-a92ee38db6ae/s12r2b70-ib0/d8v2_1549884247472.IT:/scratch/tmp/4589589/d5245d52-313a-4db3-8010-a92ee38db6ae/s12r2b70-ib0/d8v2_1549884247472.IT:false:true:/scratch/tmp/4589589/d5245d52-313a-4db3-8010-a92ee38db6ae/s12r2b70-ib0/d8v2_1549884247472.IT'
DEBUG - [PYTHON WORKER Process-4] RUN TASK with arguments: 
DEBUG - [PYTHON WORKER Process-4] 	- Path: resources_in_worker
DEBUG - [PYTHON WORKER Process-4] 	- Method/function name: generate_object
DEBUG - [PYTHON WORKER Process-4] 	- Has target: false
DEBUG - [PYTHON WORKER Process-4] 	- # parameters: 2
DEBUG - [PYTHON WORKER Process-4] 	- Values:
DEBUG - [PYTHON WORKER Process-4] 		 
Parameter seed
	Type 4
	File Name None
	Key None
	Content 7
	Stream 3
	Prefix null
--------------------

DEBUG - [PYTHON WORKER Process-4] 		 
Parameter $return_0
	Type 9
	File Name /scratch/tmp/4589589/d5245d52-313a-4db3-8010-a92ee38db6ae/s12r2b70-ib0/d8v2_1549884247472.IT:/scratch/tmp/4589589/d5245d52-313a-4db3-8010-a92ee38db6ae/s12r2b70-ib0/d8v2_1549884247472.IT:false:true:/scratch/tmp/4589589/d5245d52-313a-4db3-8010-a92ee38db6ae/s12r2b70-ib0/d8v2_1549884247472.IT
	Key None
	Content None
	Stream 3
	Prefix #
--------------------

DEBUG - [PYTHON WORKER Process-4] 	- COMPSs types:
DEBUG - [PYTHON WORKER Process-4] 		 4
DEBUG - [PYTHON WORKER Process-4] 		 9
DEBUG - [PYTHON WORKER Process-4] Trying to import the user module: resources_in_worker
DEBUG - [PYTHON WORKER Process-4] Module successfully loaded (Python version >= 2.7)
DEBUG - [PYTHON WORKER Process-4] Starting task execution
DEBUG - [PYTHON WORKER Process-4] Types : [4, 9] 
DEBUG - [PYTHON WORKER Process-4] Values: [
Parameter seed
	Type 4
	File Name None
	Key None
	Content 7
	Stream 3
	Prefix null
--------------------
, 
Parameter $return_0
	Type 9
	File Name /scratch/tmp/4589589/d5245d52-313a-4db3-8010-a92ee38db6ae/s12r2b70-ib0/d8v2_1549884247472.IT:/scratch/tmp/4589589/d5245d52-313a-4db3-8010-a92ee38db6ae/s12r2b70-ib0/d8v2_1549884247472.IT:false:true:/scratch/tmp/4589589/d5245d52-313a-4db3-8010-a92ee38db6ae/s12r2b70-ib0/d8v2_1549884247472.IT
	Key None
	Content None
	Stream 3
	Prefix #
--------------------
] 
DEBUG - [PYTHON WORKER Process-4] Return Types : [] 
DEBUG - [PYTHON WORKER Process-4] Return Values: [] 
DEBUG - [PYTHON WORKER Process-4] Return isModifier: True 
DEBUG - [PYTHON WORKER Process-4] Finished task execution
DEBUG - [PYTHON WORKER Process-4] End task execution. Status: Ok
DEBUG - [PYTHON WORKER Process-4] - Pipe /scratch/tmp/4589589/d5245d52-313a-4db3-8010-a92ee38db6ae/s12r2b70-ib0/pipe_-669062019_compute4.inbound END TASK MESSAGE: END_TASK 8 0 1 

