[  INFO] Inferred PYTHON language
-------- Launch arguments --------
Master:                    s08r1b16
Workers:                    s08r1b21
Tasks per Node:            -1
CPUs per Node:             48
GPUs per Node:             0
FPGAs per Node:            0
CPU Affinity:              automatic
GPU Affinity:              automatic
FPGA Affinity:             automatic
FPGA reprogram command:    
Network:                   -ib0
Worker in Master CPUs:     24
Worker in Master Memory:   92
Master Port:               43828
Master WD:                 .
Worker WD:                 /scratch/tmp/4589348
Master JVM Opts:           
Workers JVM Opts:          -Xms16000m,-Xmx92000m,-Xmn1600m
Worker in Master JVM Opts: 
Library Path:              /home/bsc19/bsc19954/TFM/applications/COLLECTION_IN
Classpath:                 /home/bsc19/bsc19954/TFM/applications/COLLECTION_IN
Pythonpath:                /home/bsc19/bsc19954/TFM/applications/COLLECTION_IN
Appdir:			   /home/bsc19/bsc19954/TFM/applications/COLLECTION_IN
Lang:                      python
Python Interpreter:        python
Python version:            2
Python virtual env:        null
Python propagate virt env.:true
COMM:                      es.bsc.compss.nio.master.NIOAdaptor
Prolog:                    
Epilog:                    
Storage conf:              null
Task execution:            compss
To COMPSs:                  -d -g resources_in_master.py
-----------------------------------
 
[XML] Begin generation of project and resources files
Master will run in s08r1b16
List of workers:  s08r1b21
[XML] Generating project at /scratch/tmp/4589348/project_1549881867.xml
Worker WD mkdir: srun -n1 -N1 --nodelist=s08r1b16 bash -c "mkdir -p /scratch/tmp/4589348 && chmod +rx /scratch/tmp/4589348"
Worker WD mkdir: srun -n1 -N1 --nodelist=s08r1b21 bash -c "mkdir -p /scratch/tmp/4589348 && chmod +rx /scratch/tmp/4589348"
[XML] Generating resources at /scratch/tmp/4589348/resources_1549881867.xml
[XML] Generation of project and resources files finished
[XML] Project.xml:   /scratch/tmp/4589348/project_1549881867.xml
[XML] Resources.xml: /scratch/tmp/4589348/resources_1549881867.xml
---- Executing Prolog actions ----
------ Launching application ------
CMD Worker 1 launcher: srun -n1 -N1 --nodelist=s08r1b16 /apps/COMPSs/TrunkCollectionIN/Runtime/scripts/system/adaptors/nio/persistent_worker_starter.sh /home/bsc19/bsc19954/TFM/applications/COLLECTION_IN             /home/bsc19/bsc19954/TFM/applications/COLLECTION_IN             /home/bsc19/bsc19954/TFM/applications/COLLECTION_IN             0                          0                          true             5             5             s08r1b16-ib0             43001             null             43828             24             0             0             automatic             automatic             automatic             -1             2b40ef41-8bc0-4468-9d77-0096ee195c5a             python             /scratch/tmp/4589348/2b40ef41-8bc0-4468-9d77-0096ee195c5a/s08r1b16-ib0             /apps/COMPSs/TrunkCollectionIN             /home/bsc19/bsc19954/TFM/applications/COLLECTION_IN             /home/bsc19/bsc19954/TFM/applications/COLLECTION_IN             /home/bsc19/bsc19954/TFM/applications/COLLECTION_IN             /home/bsc19/bsc19954/TFM/applications/COLLECTION_IN             0             null             1             null             compss             false             python             2             null             true
CMD Worker 2 launcher: srun -n1 -N1 --nodelist=s08r1b21 /apps/COMPSs/TrunkCollectionIN/Runtime/scripts/system/adaptors/nio/persistent_worker_starter.sh /home/bsc19/bsc19954/TFM/applications/COLLECTION_IN             /home/bsc19/bsc19954/TFM/applications/COLLECTION_IN             /home/bsc19/bsc19954/TFM/applications/COLLECTION_IN             3             -Xms16000m -Xmx92000m -Xmn1600m             0                          true             5             5             s08r1b21-ib0             43001             null             43828             48             0             0             automatic             automatic             automatic             -1             2b40ef41-8bc0-4468-9d77-0096ee195c5a             python             /scratch/tmp/4589348/2b40ef41-8bc0-4468-9d77-0096ee195c5a/s08r1b21-ib0             /apps/COMPSs/TrunkCollectionIN             /home/bsc19/bsc19954/TFM/applications/COLLECTION_IN             /home/bsc19/bsc19954/TFM/applications/COLLECTION_IN             /home/bsc19/bsc19954/TFM/applications/COLLECTION_IN             /home/bsc19/bsc19954/TFM/applications/COLLECTION_IN             0             null             2             null             compss             false             python             2             null             true
PERSISTENT_WORKER.sh
- HostName:            s08r1b21-ib0
- WorkerPort:          43001
- WorkingDir:          /scratch/tmp/4589348/2b40ef41-8bc0-4468-9d77-0096ee195c5a/s08r1b21-ib0
- InstallDir:          /apps/COMPSs/TrunkCollectionIN
- Computing Units CPU: 48
- Computing Units GPU: 0
PERSISTENT_WORKER.sh
- HostName:            s08r1b16-ib0
- WorkerPort:          43001
- WorkingDir:          /scratch/tmp/4589348/2b40ef41-8bc0-4468-9d77-0096ee195c5a/s08r1b16-ib0
- InstallDir:          /apps/COMPSs/TrunkCollectionIN
- Computing Units CPU: 24
- Computing Units GPU: 0
- Computing Units GPU: 0
- Limit Of Tasks:      -1
- JVM Opts:             -Xms16000m -Xmx92000m -Xmn1600m
- AppUUID:             2b40ef41-8bc0-4468-9d77-0096ee195c5a
- Lang:                python
- AppDir:              /home/bsc19/bsc19954/TFM/applications/COLLECTION_IN
- libPath:             /home/bsc19/bsc19954/TFM/applications/COLLECTION_IN
- Classpath:           /home/bsc19/bsc19954/TFM/applications/COLLECTION_IN
- Pythonpath:          /home/bsc19/bsc19954/TFM/applications/COLLECTION_IN
- Python Interpreter   python
- Python Version       2
- Python Virtual Env.  null
- Python Propagate Virtual Env.  true
- Tracing:             0
- ExtraeFile:          null
- HostId:              2
- StorageConf:         null
- ExecType:            compss
- Persistent:          false
Calling NIOWorker
Cmd: java  -Xms16000m -Xmx92000m -Xmn1600m     -XX:+PerfDisableSharedMem     -XX:-UsePerfData     -XX:+UseG1GC     -XX:+UseThreadPriorities     -XX:ThreadPriorityPolicy=42     -Dlog4j.configurationFile=/apps/COMPSs/TrunkCollectionIN/Runtime/configuration/log/COMPSsWorker-log4j.debug     -Dcompss.python.interpreter=python     -Dcompss.python.version=2     -Dcompss.python.virtualenvironment=null     -Dcompss.python.propagate_virtualenvironment=true     -Djava.library.path=/home/bsc19/bsc19954/TFM/applications/COLLECTION_IN:/apps/COMPSs/TrunkCollectionIN/Runtime/scripts/system/adaptors/nio/../../../../../Bindings/bindings-common/lib:/apps/COMPSs/TrunkCollectionIN/Runtime/scripts/system/adaptors/nio/../../../../../Bindings/c/lib:/apps/GCC/7.2.0/lib/gcc/x86_64-suse-linux/7.2.0:/apps/GCC/7.2.0/lib64:/apps/BOOST/1.64.0_py2/INTEL/IMPI/lib:/apps/OPENMM/7.2.2/lib:/apps/NETCDF/4.4.1.1/INTEL/IMPI/lib:/apps/UDUNITS/2.2.25/INTEL/lib:/apps/PYTHON/2.7.13/INTEL/lib:/apps/LZO/2.10/INTEL/lib:/apps/PAPI/5.5.1/lib:/apps/RUBY/2.4.2/INTEL/lib:/apps/INTEL/2017.4/mkl/lib/intel64:/apps/INTEL/2017.4/impi/2017.3.196/lib64:/apps/INTEL/2017.4/lib/intel64:/apps/JDK/8u131/jre/lib/amd64/server:/home/bsc19/bsc19954/TFM/applications/COLLECTION_IN -classpath /home/bsc19/bsc19954/TFM/applications/COLLECTION_IN:/apps/COMPSs/TrunkCollectionIN/Runtime/compss-engine.jar:/apps/COMPSs/TrunkCollectionIN/Runtime/scripts/system/adaptors/nio/../../../../adaptors/nio/worker/compss-adaptors-nio-worker.jar es.bsc.compss.nio.worker.NIOWorker true 5 5 s08r1b21-ib0 43001 null 43828 48 0 0 automatic automatic automatic -1 2b40ef41-8bc0-4468-9d77-0096ee195c5a python /scratch/tmp/4589348/2b40ef41-8bc0-4468-9d77-0096ee195c5a/s08r1b21-ib0 /apps/COMPSs/TrunkCollectionIN /home/bsc19/bsc19954/TFM/applications/COLLECTION_IN /home/bsc19/bsc19954/TFM/applications/COLLECTION_IN /home/bsc19/bsc19954/TFM/applications/COLLECTION_IN /home/bsc19/bsc19954/TFM/applications/COLLECTION_IN 0 null 2 null compss false python 2 null true
- Computing Units GPU: 0
- Limit Of Tasks:      -1
- JVM Opts:            
- AppUUID:             2b40ef41-8bc0-4468-9d77-0096ee195c5a
- Lang:                python
- AppDir:              /home/bsc19/bsc19954/TFM/applications/COLLECTION_IN
- libPath:             /home/bsc19/bsc19954/TFM/applications/COLLECTION_IN
- Classpath:           /home/bsc19/bsc19954/TFM/applications/COLLECTION_IN
- Pythonpath:          /home/bsc19/bsc19954/TFM/applications/COLLECTION_IN
- Python Interpreter   python
- Python Version       2
- Python Virtual Env.  null
- Python Propagate Virtual Env.  true
- Tracing:             0
- ExtraeFile:          null
- HostId:              1
- StorageConf:         null
- ExecType:            compss
- Persistent:          false
Calling NIOWorker
Cmd: java      -XX:+PerfDisableSharedMem     -XX:-UsePerfData     -XX:+UseG1GC     -XX:+UseThreadPriorities     -XX:ThreadPriorityPolicy=42     -Dlog4j.configurationFile=/apps/COMPSs/TrunkCollectionIN/Runtime/configuration/log/COMPSsWorker-log4j.debug     -Dcompss.python.interpreter=python     -Dcompss.python.version=2     -Dcompss.python.virtualenvironment=null     -Dcompss.python.propagate_virtualenvironment=true     -Djava.library.path=/home/bsc19/bsc19954/TFM/applications/COLLECTION_IN:/apps/COMPSs/TrunkCollectionIN/Runtime/scripts/system/adaptors/nio/../../../../../Bindings/bindings-common/lib:/apps/COMPSs/TrunkCollectionIN/Runtime/scripts/system/adaptors/nio/../../../../../Bindings/c/lib:/apps/GCC/7.2.0/lib/gcc/x86_64-suse-linux/7.2.0:/apps/GCC/7.2.0/lib64:/apps/BOOST/1.64.0_py2/INTEL/IMPI/lib:/apps/OPENMM/7.2.2/lib:/apps/NETCDF/4.4.1.1/INTEL/IMPI/lib:/apps/UDUNITS/2.2.25/INTEL/lib:/apps/PYTHON/2.7.13/INTEL/lib:/apps/LZO/2.10/INTEL/lib:/apps/PAPI/5.5.1/lib:/apps/RUBY/2.4.2/INTEL/lib:/apps/INTEL/2017.4/mkl/lib/intel64:/apps/INTEL/2017.4/impi/2017.3.196/lib64:/apps/INTEL/2017.4/lib/intel64:/apps/JDK/8u131/jre/lib/amd64/server:/home/bsc19/bsc19954/TFM/applications/COLLECTION_IN -classpath /home/bsc19/bsc19954/TFM/applications/COLLECTION_IN:/apps/COMPSs/TrunkCollectionIN/Runtime/compss-engine.jar:/apps/COMPSs/TrunkCollectionIN/Runtime/scripts/system/adaptors/nio/../../../../adaptors/nio/worker/compss-adaptors-nio-worker.jar es.bsc.compss.nio.worker.NIOWorker true 5 5 s08r1b16-ib0 43001 null 43828 24 0 0 automatic automatic automatic -1 2b40ef41-8bc0-4468-9d77-0096ee195c5a python /scratch/tmp/4589348/2b40ef41-8bc0-4468-9d77-0096ee195c5a/s08r1b16-ib0 /apps/COMPSs/TrunkCollectionIN /home/bsc19/bsc19954/TFM/applications/COLLECTION_IN /home/bsc19/bsc19954/TFM/applications/COLLECTION_IN /home/bsc19/bsc19954/TFM/applications/COLLECTION_IN /home/bsc19/bsc19954/TFM/applications/COLLECTION_IN 0 null 1 null compss false python 2 null true
CMD Master: /apps/COMPSs/TrunkCollectionIN/Runtime/scripts/user/runcompss --project=/scratch/tmp/4589348/project_1549881867.xml             --resources=/scratch/tmp/4589348/resources_1549881867.xml             --uuid=2b40ef41-8bc0-4468-9d77-0096ee195c5a             --specific_log_dir=/home/bsc19/bsc19954/.COMPSs/4589348/             --master_name=s08r1b16-ib0             --master_port=43828             --jvm_master_opts=             --jvm_workers_opts=-Xms16000m,-Xmx92000m,-Xmn1600m  -d -g resources_in_master.py
[  INFO] Using default execution type: compss
[  INFO] Inferred PYTHON language

----------------- Executing resources_in_master.py --------------------------

Binding debug is activated
[BINDING-COMMONS]  -  @GS_On  -  Creating the JVM
[BINDING_COMMONS]  -  @create_vm  -  reading file in JVM_OPTIONS_FILE
[BINDING_COMMONS]  -  @create_vm  -  Launching JVM
[BINDING_COMMONS]  -  @create_vm  -  JVM Ready
[BINDING-COMMONS]  -  @GS_On  -  Creating runtime object
[(519)    API]  -  Deploying COMPSs Runtime v2.4.rc1812 (build 20190211-0958.rda78642b10d9b80e3a81fa8c8357c1b3a661685f)
[BINDING-COMMONS]  -  @GS_On  -  Calling runtime start
[(521)    API]  -  Starting COMPSs Runtime v2.4.rc1812 (build 20190211-0958.rda78642b10d9b80e3a81fa8c8357c1b3a661685f)
[(521)    API]  -  Initializing components
[(1042)    API]  -  Ready to process tasks
[BINDING-COMMONS]  -  @Init JNI Methods
[BINDING_COMMONS]  -  @Init JNI Direction Types
[BINDING_COMMONS]  -  @Init JNI Stream Types
[BINDING-COMMONS]  -  @Init JNI Types
[BINDING_COMMONS]  -  @Init DONE
[BINDING_COMMONS]  -  @Master JNI Init DONE
[BINDING-COMMONS]  -  @GS_Get_AppDir - Getting application directory.
[BINDING-COMMONS]  -  @GS_Get_AppDir  -  directory name: /home/bsc19/bsc19954/.COMPSs/4589348/
[BINDING-COMMONS]  -  @GS_RegisterCE - Registering Core element.
[(1062)    API]  -  Registering CoreElement resources_in_master.select_element
[(1062)    API]  -  	 - Implementation: resources_in_master.select_element
[(1062)    API]  -  	 - Constraints   : 
[(1062)    API]  -  	 - Type          : METHOD
[(1062)    API]  -  	 - ImplTypeArgs  : 
[(1062)    API]  -  		 Arg: resources_in_master
[(1062)    API]  -  		 Arg: select_element
[BINDING-COMMONS]  -  @GS_RegisterCE  -  Task registered: resources_in_master.select_element
COLLECTION VALUE IS 09af6084-2dea-11e9-9a61-0894ef42b4f0-12 10 9 /home/bsc19/bsc19954/.COMPSs/4589348/tmpFiles/pycompss3Nbmyh/compss-serialized-obj_09af6084-2dea-11e9-9a61-0894ef42b4f0-2 9 /home/bsc19/bsc19954/.COMPSs/4589348/tmpFiles/pycompss3Nbmyh/compss-serialized-obj_09af6084-2dea-11e9-9a61-0894ef42b4f0-3 9 /home/bsc19/bsc19954/.COMPSs/4589348/tmpFiles/pycompss3Nbmyh/compss-serialized-obj_09af6084-2dea-11e9-9a61-0894ef42b4f0-4 9 /home/bsc19/bsc19954/.COMPSs/4589348/tmpFiles/pycompss3Nbmyh/compss-serialized-obj_09af6084-2dea-11e9-9a61-0894ef42b4f0-5 9 /home/bsc19/bsc19954/.COMPSs/4589348/tmpFiles/pycompss3Nbmyh/compss-serialized-obj_09af6084-2dea-11e9-9a61-0894ef42b4f0-6 9 /home/bsc19/bsc19954/.COMPSs/4589348/tmpFiles/pycompss3Nbmyh/compss-serialized-obj_09af6084-2dea-11e9-9a61-0894ef42b4f0-7 9 /home/bsc19/bsc19954/.COMPSs/4589348/tmpFiles/pycompss3Nbmyh/compss-serialized-obj_09af6084-2dea-11e9-9a61-0894ef42b4f0-8 9 /home/bsc19/bsc19954/.COMPSs/4589348/tmpFiles/pycompss3Nbmyh/compss-serialized-obj_09af6084-2dea-11e9-9a61-0894ef42b4f0-9 9 /home/bsc19/bsc19954/.COMPSs/4589348/tmpFiles/pycompss3Nbmyh/compss-serialized-obj_09af6084-2dea-11e9-9a61-0894ef42b4f0-10 9 /home/bsc19/bsc19954/.COMPSs/4589348/tmpFiles/pycompss3Nbmyh/compss-serialized-obj_09af6084-2dea-11e9-9a61-0894ef42b4f0-11
[BINDING-COMMONS]  -  @GS_ExecuteTaskNew - Processing task execution in bindings-common. 
[BINDING-COMMONS]  -  @GS_ExecuteTaskNew  -  Processing parameter 0
[BINDING_COMMONS]  -  @process_param
[BINDING-COMMONS]  -  @process_param  -  ENUM DATA_TYPE: 26
[BINDING-COMMONS]  -  @process_param  -  Collection: 09af6084-2dea-11e9-9a61-0894ef42b4f0-12 10 9 /home/bsc19/bsc19954/.COMPSs/4589348/tmpFiles/pycompss3Nbmyh/compss-serialized-obj_09af6084-2dea-11e9-9a61-0894ef42b4f0-2 9 /home/bsc19/bsc19954/.COMPSs/4589348/tmpFiles/pycompss3Nbmyh/compss-serialized-obj_09af6084-2dea-11e9-9a61-0894ef42b4f0-3 9 /home/bsc19/bsc19954/.COMPSs/4589348/tmpFiles/pycompss3Nbmyh/compss-serialized-obj_09af6084-2dea-11e9-9a61-0894ef42b4f0-4 9 /home/bsc19/bsc19954/.COMPSs/4589348/tmpFiles/pycompss3Nbmyh/compss-serialized-obj_09af6084-2dea-11e9-9a61-0894ef42b4f0-5 9 /home/bsc19/bsc19954/.COMPSs/4589348/tmpFiles/pycompss3Nbmyh/compss-serialized-obj_09af6084-2dea-11e9-9a61-0894ef42b4f0-6 9 /home/bsc19/bsc19954/.COMPSs/4589348/tmpFiles/pycompss3Nbmyh/compss-serialized-obj_09af6084-2dea-11e9-9a61-0894ef42b4f0-7 9 /home/bsc19/bsc19954/.COMPSs/4589348/tmpFiles/pycompss3Nbmyh/compss-serialized-obj_09af6084-2dea-11e9-9a61-0894ef42b4f0-8 9 /home/bsc19/bsc19954/.COMPSs/4589348/tmpFiles/pycompss3Nbmyh/compss-serialized-obj_09af6084-2dea-11e9-9a61-0894ef42b4f0-9 9 /home/bsc19/bsc19954/.COMPSs/4589348/tmpFiles/pycompss3Nbmyh/compss-serialized-obj_09af6084-2dea-11e9-9a61-0894ef42b4f0-10 9 /home/bsc19/bsc19954/.COMPSs/4589348/tmpFiles/pycompss3Nbmyh/compss-serialized-obj_09af6084-2dea-11e9-9a61-0894ef42b4f0-11
[BINDING-COMMONS]  -  @process_param  -  ENUM DIRECTION: 0
[BINDING-COMMONS]  -  @process_param  -  ENUM STREAM: 3
[BINDING-COMMONS]  -  @process_param  -  PREFIX: null
[BINDING-COMMONS]  -  @process_param  -  NAME: c
[BINDING-COMMONS]  -  @GS_ExecuteTaskNew  -  Processing parameter 1
[BINDING_COMMONS]  -  @process_param
[BINDING-COMMONS]  -  @process_param  -  ENUM DATA_TYPE: 4
[BINDING-COMMONS]  -  @process_param  -  Int: 4
[BINDING-COMMONS]  -  @process_param  -  ENUM DIRECTION: 0
[BINDING-COMMONS]  -  @process_param  -  ENUM STREAM: 3
[BINDING-COMMONS]  -  @process_param  -  PREFIX: null
[BINDING-COMMONS]  -  @process_param  -  NAME: i
[BINDING-COMMONS]  -  @GS_ExecuteTaskNew  -  Processing parameter 2
[BINDING_COMMONS]  -  @process_param
[BINDING-COMMONS]  -  @process_param  -  ENUM DATA_TYPE: 9
[BINDING-COMMONS]  -  @process_param  -  File: /home/bsc19/bsc19954/.COMPSs/4589348/tmpFiles/pycompss3Nbmyh/compss-serialized-obj_09af6084-2dea-11e9-9a61-0894ef42b4f0-1
[BINDING-COMMONS]  -  @process_param  -  ENUM DIRECTION: 1
[BINDING-COMMONS]  -  @process_param  -  ENUM STREAM: 3
[BINDING-COMMONS]  -  @process_param  -  PREFIX: #
[BINDING-COMMONS]  -  @process_param  -  NAME: $return_0
[(1080)    API]  -  Creating task from method resources_in_master.select_element
[(1080)    API]  -  There are 3 parameters
[(1080)    API]  -    Parameter 1 has type COLLECTION_T
[(1087)    API]  -  Add COLLECTION_T with 10 parameters
[(1087)    API]  -  Collection 09af6084-2dea-11e9-9a61-0894ef42b4f0-12
Name: c
Contents:
	FileParameter with location shared:gpfs/home/bsc19/bsc19954/.COMPSs/4589348/tmpFiles/pycompss3Nbmyh/compss-serialized-obj_09af6084-2dea-11e9-9a61-0894ef42b4f0-2, type FILE_T, direction IN
	FileParameter with location shared:gpfs/home/bsc19/bsc19954/.COMPSs/4589348/tmpFiles/pycompss3Nbmyh/compss-serialized-obj_09af6084-2dea-11e9-9a61-0894ef42b4f0-3, type FILE_T, direction IN
	FileParameter with location shared:gpfs/home/bsc19/bsc19954/.COMPSs/4589348/tmpFiles/pycompss3Nbmyh/compss-serialized-obj_09af6084-2dea-11e9-9a61-0894ef42b4f0-4, type FILE_T, direction IN
	FileParameter with location shared:gpfs/home/bsc19/bsc19954/.COMPSs/4589348/tmpFiles/pycompss3Nbmyh/compss-serialized-obj_09af6084-2dea-11e9-9a61-0894ef42b4f0-5, type FILE_T, direction IN
	FileParameter with location shared:gpfs/home/bsc19/bsc19954/.COMPSs/4589348/tmpFiles/pycompss3Nbmyh/compss-serialized-obj_09af6084-2dea-11e9-9a61-0894ef42b4f0-6, type FILE_T, direction IN
	FileParameter with location shared:gpfs/home/bsc19/bsc19954/.COMPSs/4589348/tmpFiles/pycompss3Nbmyh/compss-serialized-obj_09af6084-2dea-11e9-9a61-0894ef42b4f0-7, type FILE_T, direction IN
	FileParameter with location shared:gpfs/home/bsc19/bsc19954/.COMPSs/4589348/tmpFiles/pycompss3Nbmyh/compss-serialized-obj_09af6084-2dea-11e9-9a61-0894ef42b4f0-8, type FILE_T, direction IN
	FileParameter with location shared:gpfs/home/bsc19/bsc19954/.COMPSs/4589348/tmpFiles/pycompss3Nbmyh/compss-serialized-obj_09af6084-2dea-11e9-9a61-0894ef42b4f0-9, type FILE_T, direction IN
	FileParameter with location shared:gpfs/home/bsc19/bsc19954/.COMPSs/4589348/tmpFiles/pycompss3Nbmyh/compss-serialized-obj_09af6084-2dea-11e9-9a61-0894ef42b4f0-10, type FILE_T, direction IN
	FileParameter with location shared:gpfs/home/bsc19/bsc19954/.COMPSs/4589348/tmpFiles/pycompss3Nbmyh/compss-serialized-obj_09af6084-2dea-11e9-9a61-0894ef42b4f0-11, type FILE_T, direction IN

[(1088)    API]  -    Parameter 7 has type INT_T
[(1088)    API]  -    Parameter 13 has type FILE_T
[BINDING-COMMONS]  -  @GS_Get_File  -  Calling runtime OpenFile method  for /home/bsc19/bsc19954/.COMPSs/4589348/tmpFiles/pycompss3Nbmyh/compss-serialized-obj_09af6084-2dea-11e9-9a61-0894ef42b4f0-1 and mode 0 ...
[(1091)    API]  -  Opening /home/bsc19/bsc19954/.COMPSs/4589348/tmpFiles/pycompss3Nbmyh/compss-serialized-obj_09af6084-2dea-11e9-9a61-0894ef42b4f0-1 in mode IN
[(5622)    API]  -  File target Location: /home/bsc19/bsc19954/.COMPSs/4589348/tmpFiles/d12v2_1549881883289.IT
[BINDING-COMMONS]  -  @GS_Get_File  -  COMPSs filename: /home/bsc19/bsc19954/.COMPSs/4589348/tmpFiles/d12v2_1549881883289.IT
[BINDING-COMMONS]  -  @GS_Close_File  -  Calling runtime closeFile method...
[(5623)    API]  -  Closing /home/bsc19/bsc19954/.COMPSs/4589348/tmpFiles/pycompss3Nbmyh/compss-serialized-obj_09af6084-2dea-11e9-9a61-0894ef42b4f0-1 in mode IN
[(5624)    API]  -  Closing file home/bsc19/bsc19954/.COMPSs/4589348/tmpFiles/pycompss3Nbmyh/compss-serialized-obj_09af6084-2dea-11e9-9a61-0894ef42b4f0-1
[BINDING-COMMONS]  -  @GS_Close_File  -  COMPSs filename: /home/bsc19/bsc19954/.COMPSs/4589348/tmpFiles/pycompss3Nbmyh/compss-serialized-obj_09af6084-2dea-11e9-9a61-0894ef42b4f0-1
[(5624)    API]  -  Deleting File /home/bsc19/bsc19954/.COMPSs/4589348/tmpFiles/pycompss3Nbmyh/compss-serialized-obj_09af6084-2dea-11e9-9a61-0894ef42b4f0-1
[BINDING-COMMONS]  -  @GS_Delete_File  -  COMPSs filename: /home/bsc19/bsc19954/.COMPSs/4589348/tmpFiles/pycompss3Nbmyh/compss-serialized-obj_09af6084-2dea-11e9-9a61-0894ef42b4f0-1
My chosen vector is 	 [0.96702984 0.54723225 0.97268436 0.71481599 0.69772882]
The correct vector is 	 [0.96702984 0.54723225 0.97268436 0.71481599 0.69772882]
Congratulations! Both vectors match!
[(5628)    API]  -  Deleting File /home/bsc19/bsc19954/.COMPSs/4589348/tmpFiles/pycompss3Nbmyh/compss-serialized-obj_09af6084-2dea-11e9-9a61-0894ef42b4f0-2
[BINDING-COMMONS]  -  @GS_Delete_File  -  COMPSs filename: /home/bsc19/bsc19954/.COMPSs/4589348/tmpFiles/pycompss3Nbmyh/compss-serialized-obj_09af6084-2dea-11e9-9a61-0894ef42b4f0-2
[(5631)    API]  -  Deleting File /home/bsc19/bsc19954/.COMPSs/4589348/tmpFiles/pycompss3Nbmyh/compss-serialized-obj_09af6084-2dea-11e9-9a61-0894ef42b4f0-3
[BINDING-COMMONS]  -  @GS_Delete_File  -  COMPSs filename: /home/bsc19/bsc19954/.COMPSs/4589348/tmpFiles/pycompss3Nbmyh/compss-serialized-obj_09af6084-2dea-11e9-9a61-0894ef42b4f0-3
[(5633)    API]  -  Deleting File /home/bsc19/bsc19954/.COMPSs/4589348/tmpFiles/pycompss3Nbmyh/compss-serialized-obj_09af6084-2dea-11e9-9a61-0894ef42b4f0-4
[BINDING-COMMONS]  -  @GS_Delete_File  -  COMPSs filename: /home/bsc19/bsc19954/.COMPSs/4589348/tmpFiles/pycompss3Nbmyh/compss-serialized-obj_09af6084-2dea-11e9-9a61-0894ef42b4f0-4
[(5634)    API]  -  Deleting File /home/bsc19/bsc19954/.COMPSs/4589348/tmpFiles/pycompss3Nbmyh/compss-serialized-obj_09af6084-2dea-11e9-9a61-0894ef42b4f0-5
[BINDING-COMMONS]  -  @GS_Delete_File  -  COMPSs filename: /home/bsc19/bsc19954/.COMPSs/4589348/tmpFiles/pycompss3Nbmyh/compss-serialized-obj_09af6084-2dea-11e9-9a61-0894ef42b4f0-5
[(5636)    API]  -  Deleting File /home/bsc19/bsc19954/.COMPSs/4589348/tmpFiles/pycompss3Nbmyh/compss-serialized-obj_09af6084-2dea-11e9-9a61-0894ef42b4f0-6
[BINDING-COMMONS]  -  @GS_Delete_File  -  COMPSs filename: /home/bsc19/bsc19954/.COMPSs/4589348/tmpFiles/pycompss3Nbmyh/compss-serialized-obj_09af6084-2dea-11e9-9a61-0894ef42b4f0-6
[(5637)    API]  -  Deleting File /home/bsc19/bsc19954/.COMPSs/4589348/tmpFiles/pycompss3Nbmyh/compss-serialized-obj_09af6084-2dea-11e9-9a61-0894ef42b4f0-7
[BINDING-COMMONS]  -  @GS_Delete_File  -  COMPSs filename: /home/bsc19/bsc19954/.COMPSs/4589348/tmpFiles/pycompss3Nbmyh/compss-serialized-obj_09af6084-2dea-11e9-9a61-0894ef42b4f0-7
[(5639)    API]  -  Deleting File /home/bsc19/bsc19954/.COMPSs/4589348/tmpFiles/pycompss3Nbmyh/compss-serialized-obj_09af6084-2dea-11e9-9a61-0894ef42b4f0-8
[BINDING-COMMONS]  -  @GS_Delete_File  -  COMPSs filename: /home/bsc19/bsc19954/.COMPSs/4589348/tmpFiles/pycompss3Nbmyh/compss-serialized-obj_09af6084-2dea-11e9-9a61-0894ef42b4f0-8
[(5640)    API]  -  Deleting File /home/bsc19/bsc19954/.COMPSs/4589348/tmpFiles/pycompss3Nbmyh/compss-serialized-obj_09af6084-2dea-11e9-9a61-0894ef42b4f0-9
[BINDING-COMMONS]  -  @GS_Delete_File  -  COMPSs filename: /home/bsc19/bsc19954/.COMPSs/4589348/tmpFiles/pycompss3Nbmyh/compss-serialized-obj_09af6084-2dea-11e9-9a61-0894ef42b4f0-9
[(5642)    API]  -  Deleting File /home/bsc19/bsc19954/.COMPSs/4589348/tmpFiles/pycompss3Nbmyh/compss-serialized-obj_09af6084-2dea-11e9-9a61-0894ef42b4f0-10
[BINDING-COMMONS]  -  @GS_Delete_File  -  COMPSs filename: /home/bsc19/bsc19954/.COMPSs/4589348/tmpFiles/pycompss3Nbmyh/compss-serialized-obj_09af6084-2dea-11e9-9a61-0894ef42b4f0-10
[(5644)    API]  -  Deleting File /home/bsc19/bsc19954/.COMPSs/4589348/tmpFiles/pycompss3Nbmyh/compss-serialized-obj_09af6084-2dea-11e9-9a61-0894ef42b4f0-11
[BINDING-COMMONS]  -  @GS_Delete_File  -  COMPSs filename: /home/bsc19/bsc19954/.COMPSs/4589348/tmpFiles/pycompss3Nbmyh/compss-serialized-obj_09af6084-2dea-11e9-9a61-0894ef42b4f0-11
[(5645)    API]  -  Deleting File /home/bsc19/bsc19954/.COMPSs/4589348/tmpFiles/pycompss3Nbmyh/compss-serialized-obj_09af6084-2dea-11e9-9a61-0894ef42b4f0-13
[BINDING-COMMONS]  -  @GS_Delete_File  -  COMPSs filename: /home/bsc19/bsc19954/.COMPSs/4589348/tmpFiles/pycompss3Nbmyh/compss-serialized-obj_09af6084-2dea-11e9-9a61-0894ef42b4f0-13
[BINDING-COMMONS]  -  @GS_Off
[BINDING-COMMONS]  -  @Off - Waiting to end tasks
[(5646)    API]  -  No more tasks for app 0
[(5649)    API]  -  Getting Result Files 0
[BINDING-COMMONS]  -  @Off - Stopping runtime
[(5651)    API]  -  Stop IT reached
[(5651)    API]  -  Stopping Graph generation...
[(5651)    API]  -  Stopping AP...
[(5652)    API]  -  Stopping TD...
[(6176)    API]  -  Stopping Comm...
[(6178)    API]  -  Runtime stopped
[(6178)    API]  -  Execution Finished
[BINDING-COMMONS]  -  @Off - Removing JVM
Exit NIOWorker
[persistent_worker.sh] Clean WD /scratch/tmp/4589348/2b40ef41-8bc0-4468-9d77-0096ee195c5a/s08r1b16-ib0
Exit NIOWorker
[persistent_worker.sh] Clean WD /scratch/tmp/4589348/2b40ef41-8bc0-4468-9d77-0096ee195c5a/s08r1b21-ib0
[BINDING-COMMONS]  -  @Off - End

------------------------------------------------------------
Waiting for application completion
---- Executing Epilog actions ----
Cleanup Worker TMP files
- Removing /scratch/tmp/4589348/2b40ef41-8bc0-4468-9d77-0096ee195c5a
Cleanup TMP files
