[EXECUTOR] executeTask - Begin task execution
WORKER - Parameters of execution:
  * Method type: METHOD
  * Method definition: [DECLARING CLASS=resources_in_worker, METHOD NAME=generate_object]
  * Parameter types: int
  * Parameter values: 9
  * Parameter streams: UNSPECIFIED
  * Parameter prefixes: null
  * Has Target: false
  * Has Return: true
[INVOKER] COMPSS_HOSTNAMES: s02r2b56
[INVOKER] COMPSS_NUM_NODES: 1
[INVOKER] COMPSS_NUM_THREADS: 1
[EXECUTOR] executeTask - End task execution
ask.
DEBUG - [PYTHON WORKER Process-2] - TASK CMD: ['EXECUTE_TASK', '10', '/scratch/tmp/4589723/0d8c7da4-b0f4-454b-8f7b-30a8439195bf/s02r2b56-ib0/jobs/job10_NEW.out', '/scratch/tmp/4589723/0d8c7da4-b0f4-454b-8f7b-30a8439195bf/s02r2b56-ib0/jobs/job10_NEW.err', 'false', '10', 'true', 'null', 'METHOD', 'resources_in_worker', 'generate_object', '1', 's02r2b56-ib0', '1', 'false', '9', '1', '2', '4', '3', 'null', 'seed', '9', '9', '3', '#', '$return_0', '/scratch/tmp/4589723/0d8c7da4-b0f4-454b-8f7b-30a8439195bf/s02r2b56-ib0/d10v2_1549884788948.IT:/scratch/tmp/4589723/0d8c7da4-b0f4-454b-8f7b-30a8439195bf/s02r2b56-ib0/d10v2_1549884788948.IT:false:true:/scratch/tmp/4589723/0d8c7da4-b0f4-454b-8f7b-30a8439195bf/s02r2b56-ib0/d10v2_1549884788948.IT']
DEBUG - [PYTHON WORKER Process-2] Begin task execution
DEBUG - [PYTHON WORKER Process-2] Storage conf: null
DEBUG - [PYTHON WORKER Process-2] Params: ['resources_in_worker', 'generate_object', '1', 's02r2b56-ib0', '1', 'false', '9', '1', '2', '4', '3', 'null', 'seed', '9', '9', '3', '#', '$return_0', '/scratch/tmp/4589723/0d8c7da4-b0f4-454b-8f7b-30a8439195bf/s02r2b56-ib0/d10v2_1549884788948.IT:/scratch/tmp/4589723/0d8c7da4-b0f4-454b-8f7b-30a8439195bf/s02r2b56-ib0/d10v2_1549884788948.IT:false:true:/scratch/tmp/4589723/0d8c7da4-b0f4-454b-8f7b-30a8439195bf/s02r2b56-ib0/d10v2_1549884788948.IT']
DEBUG - [PYTHON WORKER Process-2] Path: resources_in_worker
DEBUG - [PYTHON WORKER Process-2] Method name: generate_object
DEBUG - [PYTHON WORKER Process-2] Num slaves: 1
DEBUG - [PYTHON WORKER Process-2] Slaves: ['1']
DEBUG - [PYTHON WORKER Process-2] Cus: 1
DEBUG - [PYTHON WORKER Process-2] Has target: false
DEBUG - [PYTHON WORKER Process-2] Num Params: 2
DEBUG - [PYTHON WORKER Process-2] Return Length: 1
DEBUG - [PYTHON WORKER Process-2] Args: ['4', '3', 'null', 'seed', '9', '9', '3', '#', '$return_0', '/scratch/tmp/4589723/0d8c7da4-b0f4-454b-8f7b-30a8439195bf/s02r2b56-ib0/d10v2_1549884788948.IT:/scratch/tmp/4589723/0d8c7da4-b0f4-454b-8f7b-30a8439195bf/s02r2b56-ib0/d10v2_1549884788948.IT:false:true:/scratch/tmp/4589723/0d8c7da4-b0f4-454b-8f7b-30a8439195bf/s02r2b56-ib0/d10v2_1549884788948.IT']
DEBUG - [PYTHON WORKER Process-2] Processing parameters:
DEBUG - [PYTHON WORKER Process-2] Parameter : 0
DEBUG - [PYTHON WORKER Process-2] 	 * Type : 4
DEBUG - [PYTHON WORKER Process-2] 	 * Stream : 3
DEBUG - [PYTHON WORKER Process-2] 	 * Prefix : null
DEBUG - [PYTHON WORKER Process-2] 	 * Name : seed
DEBUG - [PYTHON WORKER Process-2] 	 * Value: '9'
DEBUG - [PYTHON WORKER Process-2] Parameter : 1
DEBUG - [PYTHON WORKER Process-2] 	 * Type : 9
DEBUG - [PYTHON WORKER Process-2] 	 * Stream : 3
DEBUG - [PYTHON WORKER Process-2] 	 * Prefix : #
DEBUG - [PYTHON WORKER Process-2] 	 * Name : $return_0
DEBUG - [PYTHON WORKER Process-2] 	 * Value: '/scratch/tmp/4589723/0d8c7da4-b0f4-454b-8f7b-30a8439195bf/s02r2b56-ib0/d10v2_1549884788948.IT:/scratch/tmp/4589723/0d8c7da4-b0f4-454b-8f7b-30a8439195bf/s02r2b56-ib0/d10v2_1549884788948.IT:false:true:/scratch/tmp/4589723/0d8c7da4-b0f4-454b-8f7b-30a8439195bf/s02r2b56-ib0/d10v2_1549884788948.IT'
DEBUG - [PYTHON WORKER Process-2] RUN TASK with arguments: 
DEBUG - [PYTHON WORKER Process-2] 	- Path: resources_in_worker
DEBUG - [PYTHON WORKER Process-2] 	- Method/function name: generate_object
DEBUG - [PYTHON WORKER Process-2] 	- Has target: false
DEBUG - [PYTHON WORKER Process-2] 	- # parameters: 2
DEBUG - [PYTHON WORKER Process-2] 	- Values:
DEBUG - [PYTHON WORKER Process-2] 		 
Parameter seed
	Type 4
	File Name None
	Key None
	Content 9
	Stream 3
	Prefix null
--------------------

DEBUG - [PYTHON WORKER Process-2] 		 
Parameter $return_0
	Type 9
	File Name /scratch/tmp/4589723/0d8c7da4-b0f4-454b-8f7b-30a8439195bf/s02r2b56-ib0/d10v2_1549884788948.IT:/scratch/tmp/4589723/0d8c7da4-b0f4-454b-8f7b-30a8439195bf/s02r2b56-ib0/d10v2_1549884788948.IT:false:true:/scratch/tmp/4589723/0d8c7da4-b0f4-454b-8f7b-30a8439195bf/s02r2b56-ib0/d10v2_1549884788948.IT
	Key None
	Content None
	Stream 3
	Prefix #
--------------------

DEBUG - [PYTHON WORKER Process-2] 	- COMPSs types:
DEBUG - [PYTHON WORKER Process-2] 		 4
DEBUG - [PYTHON WORKER Process-2] 		 9
DEBUG - [PYTHON WORKER Process-2] Trying to import the user module: resources_in_worker
DEBUG - [PYTHON WORKER Process-2] Module successfully loaded (Python version >= 2.7)
DEBUG - [PYTHON WORKER Process-2] Starting task execution
DEBUG - [PYTHON WORKER Process-2] Types : [4, 9] 
DEBUG - [PYTHON WORKER Process-2] Values: [
Parameter seed
	Type 4
	File Name None
	Key None
	Content 9
	Stream 3
	Prefix null
--------------------
, 
Parameter $return_0
	Type 9
	File Name /scratch/tmp/4589723/0d8c7da4-b0f4-454b-8f7b-30a8439195bf/s02r2b56-ib0/d10v2_1549884788948.IT:/scratch/tmp/4589723/0d8c7da4-b0f4-454b-8f7b-30a8439195bf/s02r2b56-ib0/d10v2_1549884788948.IT:false:true:/scratch/tmp/4589723/0d8c7da4-b0f4-454b-8f7b-30a8439195bf/s02r2b56-ib0/d10v2_1549884788948.IT
	Key None
	Content None
	Stream 3
	Prefix #
--------------------
] 
DEBUG - [PYTHON WORKER Process-2] Return Types : [] 
DEBUG - [PYTHON WORKER Process-2] Return Values: [] 
DEBUG - [PYTHON WORKER Process-2] Return isModifier: True 
DEBUG - [PYTHON WORKER Process-2] Finished task execution
DEBUG - [PYTHON WORKER Process-2] End task execution. Status: Ok
DEBUG - [PYTHON WORKER Process-2] - Pipe /scratch/tmp/4589723/0d8c7da4-b0f4-454b-8f7b-30a8439195bf/s02r2b56-ib0/pipe_959137080_compute2.inbound END TASK MESSAGE: END_TASK 10 0 1 

