[EXECUTOR] executeTask - Begin task execution
WORKER - Parameters of execution:
  * Method type: METHOD
  * Method definition: [DECLARING CLASS=resources_in_worker, METHOD NAME=select_element]
  * Parameter types: java.lang.String int
  * Parameter values: d11v1_1549884788948.IT 4
  * Parameter streams: UNSPECIFIED UNSPECIFIED
  * Parameter prefixes: null null
  * Has Target: false
  * Has Return: true
[INVOKER] COMPSS_HOSTNAMES: s02r2b56
[INVOKER] COMPSS_NUM_NODES: 1
[INVOKER] COMPSS_NUM_THREADS: 1
[EXECUTOR] executeTask - End task execution
ask.
DEBUG - [PYTHON WORKER Process-1] - TASK CMD: ['EXECUTE_TASK', '11', '/scratch/tmp/4589723/0d8c7da4-b0f4-454b-8f7b-30a8439195bf/s02r2b56-ib0/jobs/job11_NEW.out', '/scratch/tmp/4589723/0d8c7da4-b0f4-454b-8f7b-30a8439195bf/s02r2b56-ib0/jobs/job11_NEW.err', 'false', '11', 'true', 'null', 'METHOD', 'resources_in_worker', 'select_element', '1', 's02r2b56-ib0', '1', 'false', '9', '1', '3', '26', '3', 'null', 'c', 'd11v1_1549884788948.IT', '4', '3', 'null', 'i', '4', '9', '3', '#', '$return_0', '/scratch/tmp/4589723/0d8c7da4-b0f4-454b-8f7b-30a8439195bf/s02r2b56-ib0/d12v2_1549884788948.IT:/scratch/tmp/4589723/0d8c7da4-b0f4-454b-8f7b-30a8439195bf/s02r2b56-ib0/d12v2_1549884788948.IT:false:true:/scratch/tmp/4589723/0d8c7da4-b0f4-454b-8f7b-30a8439195bf/s02r2b56-ib0/d12v2_1549884788948.IT']
DEBUG - [PYTHON WORKER Process-1] Begin task execution
DEBUG - [PYTHON WORKER Process-1] Storage conf: null
DEBUG - [PYTHON WORKER Process-1] Params: ['resources_in_worker', 'select_element', '1', 's02r2b56-ib0', '1', 'false', '9', '1', '3', '26', '3', 'null', 'c', 'd11v1_1549884788948.IT', '4', '3', 'null', 'i', '4', '9', '3', '#', '$return_0', '/scratch/tmp/4589723/0d8c7da4-b0f4-454b-8f7b-30a8439195bf/s02r2b56-ib0/d12v2_1549884788948.IT:/scratch/tmp/4589723/0d8c7da4-b0f4-454b-8f7b-30a8439195bf/s02r2b56-ib0/d12v2_1549884788948.IT:false:true:/scratch/tmp/4589723/0d8c7da4-b0f4-454b-8f7b-30a8439195bf/s02r2b56-ib0/d12v2_1549884788948.IT']
DEBUG - [PYTHON WORKER Process-1] Path: resources_in_worker
DEBUG - [PYTHON WORKER Process-1] Method name: select_element
DEBUG - [PYTHON WORKER Process-1] Num slaves: 1
DEBUG - [PYTHON WORKER Process-1] Slaves: ['1']
DEBUG - [PYTHON WORKER Process-1] Cus: 1
DEBUG - [PYTHON WORKER Process-1] Has target: false
DEBUG - [PYTHON WORKER Process-1] Num Params: 3
DEBUG - [PYTHON WORKER Process-1] Return Length: 1
DEBUG - [PYTHON WORKER Process-1] Args: ['26', '3', 'null', 'c', 'd11v1_1549884788948.IT', '4', '3', 'null', 'i', '4', '9', '3', '#', '$return_0', '/scratch/tmp/4589723/0d8c7da4-b0f4-454b-8f7b-30a8439195bf/s02r2b56-ib0/d12v2_1549884788948.IT:/scratch/tmp/4589723/0d8c7da4-b0f4-454b-8f7b-30a8439195bf/s02r2b56-ib0/d12v2_1549884788948.IT:false:true:/scratch/tmp/4589723/0d8c7da4-b0f4-454b-8f7b-30a8439195bf/s02r2b56-ib0/d12v2_1549884788948.IT']
DEBUG - [PYTHON WORKER Process-1] Processing parameters:
DEBUG - [PYTHON WORKER Process-1] Parameter : 0
DEBUG - [PYTHON WORKER Process-1] 	 * Type : 26
DEBUG - [PYTHON WORKER Process-1] 	 * Stream : 3
DEBUG - [PYTHON WORKER Process-1] 	 * Prefix : null
DEBUG - [PYTHON WORKER Process-1] 	 * Name : c
DEBUG - [PYTHON WORKER Process-1] 	 * Value: 'd11v1_1549884788948.IT'
DEBUG - [PYTHON WORKER Process-1] Parameter : 1
DEBUG - [PYTHON WORKER Process-1] 	 * Type : 4
DEBUG - [PYTHON WORKER Process-1] 	 * Stream : 3
DEBUG - [PYTHON WORKER Process-1] 	 * Prefix : null
DEBUG - [PYTHON WORKER Process-1] 	 * Name : i
DEBUG - [PYTHON WORKER Process-1] 	 * Value: '4'
DEBUG - [PYTHON WORKER Process-1] Parameter : 2
DEBUG - [PYTHON WORKER Process-1] 	 * Type : 9
DEBUG - [PYTHON WORKER Process-1] 	 * Stream : 3
DEBUG - [PYTHON WORKER Process-1] 	 * Prefix : #
DEBUG - [PYTHON WORKER Process-1] 	 * Name : $return_0
DEBUG - [PYTHON WORKER Process-1] 	 * Value: '/scratch/tmp/4589723/0d8c7da4-b0f4-454b-8f7b-30a8439195bf/s02r2b56-ib0/d12v2_1549884788948.IT:/scratch/tmp/4589723/0d8c7da4-b0f4-454b-8f7b-30a8439195bf/s02r2b56-ib0/d12v2_1549884788948.IT:false:true:/scratch/tmp/4589723/0d8c7da4-b0f4-454b-8f7b-30a8439195bf/s02r2b56-ib0/d12v2_1549884788948.IT'
DEBUG - [PYTHON WORKER Process-1] RUN TASK with arguments: 
DEBUG - [PYTHON WORKER Process-1] 	- Path: resources_in_worker
DEBUG - [PYTHON WORKER Process-1] 	- Method/function name: select_element
DEBUG - [PYTHON WORKER Process-1] 	- Has target: false
DEBUG - [PYTHON WORKER Process-1] 	- # parameters: 3
DEBUG - [PYTHON WORKER Process-1] 	- Values:
DEBUG - [PYTHON WORKER Process-1] 		 
Parameter c
	Type 26
	File Name d11v1_1549884788948.IT
	Key None
	Content None
	Stream 3
	Prefix null
--------------------

DEBUG - [PYTHON WORKER Process-1] 		 
Parameter i
	Type 4
	File Name None
	Key None
	Content 4
	Stream 3
	Prefix null
--------------------

DEBUG - [PYTHON WORKER Process-1] 		 
Parameter $return_0
	Type 9
	File Name /scratch/tmp/4589723/0d8c7da4-b0f4-454b-8f7b-30a8439195bf/s02r2b56-ib0/d12v2_1549884788948.IT:/scratch/tmp/4589723/0d8c7da4-b0f4-454b-8f7b-30a8439195bf/s02r2b56-ib0/d12v2_1549884788948.IT:false:true:/scratch/tmp/4589723/0d8c7da4-b0f4-454b-8f7b-30a8439195bf/s02r2b56-ib0/d12v2_1549884788948.IT
	Key None
	Content None
	Stream 3
	Prefix #
--------------------

DEBUG - [PYTHON WORKER Process-1] 	- COMPSs types:
DEBUG - [PYTHON WORKER Process-1] 		 26
DEBUG - [PYTHON WORKER Process-1] 		 4
DEBUG - [PYTHON WORKER Process-1] 		 9
DEBUG - [PYTHON WORKER Process-1] Trying to import the user module: resources_in_worker
DEBUG - [PYTHON WORKER Process-1] Module successfully loaded (Python version >= 2.7)
DEBUG - [PYTHON WORKER Process-1] Starting task execution
DEBUG - [PYTHON WORKER Process-1] Types : [26, 4, 9] 
DEBUG - [PYTHON WORKER Process-1] Values: [
Parameter c
	Type 26
	File Name d11v1_1549884788948.IT
	Key None
	Content None
	Stream 3
	Prefix null
--------------------
, 
Parameter i
	Type 4
	File Name None
	Key None
	Content 4
	Stream 3
	Prefix null
--------------------
, 
Parameter $return_0
	Type 9
	File Name /scratch/tmp/4589723/0d8c7da4-b0f4-454b-8f7b-30a8439195bf/s02r2b56-ib0/d12v2_1549884788948.IT:/scratch/tmp/4589723/0d8c7da4-b0f4-454b-8f7b-30a8439195bf/s02r2b56-ib0/d12v2_1549884788948.IT:false:true:/scratch/tmp/4589723/0d8c7da4-b0f4-454b-8f7b-30a8439195bf/s02r2b56-ib0/d12v2_1549884788948.IT
	Key None
	Content None
	Stream 3
	Prefix #
--------------------
] 
DEBUG - [PYTHON WORKER Process-1] Return Types : [] 
DEBUG - [PYTHON WORKER Process-1] Return Values: [] 
DEBUG - [PYTHON WORKER Process-1] Return isModifier: True 
DEBUG - [PYTHON WORKER Process-1] Finished task execution
DEBUG - [PYTHON WORKER Process-1] End task execution. Status: Ok
DEBUG - [PYTHON WORKER Process-1] - Pipe /scratch/tmp/4589723/0d8c7da4-b0f4-454b-8f7b-30a8439195bf/s02r2b56-ib0/pipe_959137080_compute1.inbound END TASK MESSAGE: END_TASK 11 0 1 

