[EXECUTOR] executeTask - Begin task execution
WORKER - Parameters of execution:
  * Method type: METHOD
  * Method definition: [DECLARING CLASS=resources_in_worker, METHOD NAME=select_element]
  * Parameter types: java.lang.String int
  * Parameter values: d11v1_1549881926952.IT 4
  * Parameter streams: UNSPECIFIED UNSPECIFIED
  * Parameter prefixes: null null
  * Has Target: false
  * Has Return: true
[INVOKER] COMPSS_HOSTNAMES: s03r2b65
[INVOKER] COMPSS_NUM_NODES: 1
[INVOKER] COMPSS_NUM_THREADS: 1
[EXECUTOR] executeTask - End task execution
ask.
DEBUG - [PYTHON WORKER Process-2] - TASK CMD: ['EXECUTE_TASK', '11', '/scratch/tmp/4589364/0ee807cd-4eb9-4c42-9f8e-a3f409c5333d/s03r2b65-ib0/jobs/job11_NEW.out', '/scratch/tmp/4589364/0ee807cd-4eb9-4c42-9f8e-a3f409c5333d/s03r2b65-ib0/jobs/job11_NEW.err', 'false', '11', 'true', 'null', 'METHOD', 'resources_in_worker', 'select_element', '1', 's03r2b65-ib0', '1', 'false', '9', '1', '3', '26', '3', 'null', 'c', 'd11v1_1549881926952.IT', '4', '3', 'null', 'i', '4', '9', '3', '#', '$return_0', '/scratch/tmp/4589364/0ee807cd-4eb9-4c42-9f8e-a3f409c5333d/s03r2b65-ib0/d12v2_1549881926952.IT:/scratch/tmp/4589364/0ee807cd-4eb9-4c42-9f8e-a3f409c5333d/s03r2b65-ib0/d12v2_1549881926952.IT:false:true:/scratch/tmp/4589364/0ee807cd-4eb9-4c42-9f8e-a3f409c5333d/s03r2b65-ib0/d12v2_1549881926952.IT']
DEBUG - [PYTHON WORKER Process-2] Begin task execution
DEBUG - [PYTHON WORKER Process-2] Storage conf: null
DEBUG - [PYTHON WORKER Process-2] Params: ['resources_in_worker', 'select_element', '1', 's03r2b65-ib0', '1', 'false', '9', '1', '3', '26', '3', 'null', 'c', 'd11v1_1549881926952.IT', '4', '3', 'null', 'i', '4', '9', '3', '#', '$return_0', '/scratch/tmp/4589364/0ee807cd-4eb9-4c42-9f8e-a3f409c5333d/s03r2b65-ib0/d12v2_1549881926952.IT:/scratch/tmp/4589364/0ee807cd-4eb9-4c42-9f8e-a3f409c5333d/s03r2b65-ib0/d12v2_1549881926952.IT:false:true:/scratch/tmp/4589364/0ee807cd-4eb9-4c42-9f8e-a3f409c5333d/s03r2b65-ib0/d12v2_1549881926952.IT']
DEBUG - [PYTHON WORKER Process-2] Path: resources_in_worker
DEBUG - [PYTHON WORKER Process-2] Method name: select_element
DEBUG - [PYTHON WORKER Process-2] Num slaves: 1
DEBUG - [PYTHON WORKER Process-2] Slaves: ['1']
DEBUG - [PYTHON WORKER Process-2] Cus: 1
DEBUG - [PYTHON WORKER Process-2] Has target: false
DEBUG - [PYTHON WORKER Process-2] Num Params: 3
DEBUG - [PYTHON WORKER Process-2] Return Length: 1
DEBUG - [PYTHON WORKER Process-2] Args: ['26', '3', 'null', 'c', 'd11v1_1549881926952.IT', '4', '3', 'null', 'i', '4', '9', '3', '#', '$return_0', '/scratch/tmp/4589364/0ee807cd-4eb9-4c42-9f8e-a3f409c5333d/s03r2b65-ib0/d12v2_1549881926952.IT:/scratch/tmp/4589364/0ee807cd-4eb9-4c42-9f8e-a3f409c5333d/s03r2b65-ib0/d12v2_1549881926952.IT:false:true:/scratch/tmp/4589364/0ee807cd-4eb9-4c42-9f8e-a3f409c5333d/s03r2b65-ib0/d12v2_1549881926952.IT']
DEBUG - [PYTHON WORKER Process-2] Processing parameters:
DEBUG - [PYTHON WORKER Process-2] Parameter : 0
DEBUG - [PYTHON WORKER Process-2] 	 * Type : 26
DEBUG - [PYTHON WORKER Process-2] 	 * Stream : 3
DEBUG - [PYTHON WORKER Process-2] 	 * Prefix : null
DEBUG - [PYTHON WORKER Process-2] 	 * Name : c
DEBUG - [PYTHON WORKER Process-2] 	 * Value: 'd11v1_1549881926952.IT'
DEBUG - [PYTHON WORKER Process-2] Parameter : 1
DEBUG - [PYTHON WORKER Process-2] 	 * Type : 4
DEBUG - [PYTHON WORKER Process-2] 	 * Stream : 3
DEBUG - [PYTHON WORKER Process-2] 	 * Prefix : null
DEBUG - [PYTHON WORKER Process-2] 	 * Name : i
DEBUG - [PYTHON WORKER Process-2] 	 * Value: '4'
DEBUG - [PYTHON WORKER Process-2] Parameter : 2
DEBUG - [PYTHON WORKER Process-2] 	 * Type : 9
DEBUG - [PYTHON WORKER Process-2] 	 * Stream : 3
DEBUG - [PYTHON WORKER Process-2] 	 * Prefix : #
DEBUG - [PYTHON WORKER Process-2] 	 * Name : $return_0
DEBUG - [PYTHON WORKER Process-2] 	 * Value: '/scratch/tmp/4589364/0ee807cd-4eb9-4c42-9f8e-a3f409c5333d/s03r2b65-ib0/d12v2_1549881926952.IT:/scratch/tmp/4589364/0ee807cd-4eb9-4c42-9f8e-a3f409c5333d/s03r2b65-ib0/d12v2_1549881926952.IT:false:true:/scratch/tmp/4589364/0ee807cd-4eb9-4c42-9f8e-a3f409c5333d/s03r2b65-ib0/d12v2_1549881926952.IT'
DEBUG - [PYTHON WORKER Process-2] RUN TASK with arguments: 
DEBUG - [PYTHON WORKER Process-2] 	- Path: resources_in_worker
DEBUG - [PYTHON WORKER Process-2] 	- Method/function name: select_element
DEBUG - [PYTHON WORKER Process-2] 	- Has target: false
DEBUG - [PYTHON WORKER Process-2] 	- # parameters: 3
DEBUG - [PYTHON WORKER Process-2] 	- Values:
DEBUG - [PYTHON WORKER Process-2] 		 
Parameter c
	Type 26
	File Name d11v1_1549881926952.IT
	Key None
	Content None
	Stream 3
	Prefix null
--------------------

DEBUG - [PYTHON WORKER Process-2] 		 
Parameter i
	Type 4
	File Name None
	Key None
	Content 4
	Stream 3
	Prefix null
--------------------

DEBUG - [PYTHON WORKER Process-2] 		 
Parameter $return_0
	Type 9
	File Name /scratch/tmp/4589364/0ee807cd-4eb9-4c42-9f8e-a3f409c5333d/s03r2b65-ib0/d12v2_1549881926952.IT:/scratch/tmp/4589364/0ee807cd-4eb9-4c42-9f8e-a3f409c5333d/s03r2b65-ib0/d12v2_1549881926952.IT:false:true:/scratch/tmp/4589364/0ee807cd-4eb9-4c42-9f8e-a3f409c5333d/s03r2b65-ib0/d12v2_1549881926952.IT
	Key None
	Content None
	Stream 3
	Prefix #
--------------------

DEBUG - [PYTHON WORKER Process-2] 	- COMPSs types:
DEBUG - [PYTHON WORKER Process-2] 		 26
DEBUG - [PYTHON WORKER Process-2] 		 4
DEBUG - [PYTHON WORKER Process-2] 		 9
DEBUG - [PYTHON WORKER Process-2] Trying to import the user module: resources_in_worker
DEBUG - [PYTHON WORKER Process-2] Module successfully loaded (Python version >= 2.7)
DEBUG - [PYTHON WORKER Process-2] Starting task execution
DEBUG - [PYTHON WORKER Process-2] Types : [26, 4, 9] 
DEBUG - [PYTHON WORKER Process-2] Values: [
Parameter c
	Type 26
	File Name d11v1_1549881926952.IT
	Key None
	Content None
	Stream 3
	Prefix null
--------------------
, 
Parameter i
	Type 4
	File Name None
	Key None
	Content 4
	Stream 3
	Prefix null
--------------------
, 
Parameter $return_0
	Type 9
	File Name /scratch/tmp/4589364/0ee807cd-4eb9-4c42-9f8e-a3f409c5333d/s03r2b65-ib0/d12v2_1549881926952.IT:/scratch/tmp/4589364/0ee807cd-4eb9-4c42-9f8e-a3f409c5333d/s03r2b65-ib0/d12v2_1549881926952.IT:false:true:/scratch/tmp/4589364/0ee807cd-4eb9-4c42-9f8e-a3f409c5333d/s03r2b65-ib0/d12v2_1549881926952.IT
	Key None
	Content None
	Stream 3
	Prefix #
--------------------
] 
DEBUG - [PYTHON WORKER Process-2] Return Types : [] 
DEBUG - [PYTHON WORKER Process-2] Return Values: [] 
DEBUG - [PYTHON WORKER Process-2] Return isModifier: True 
DEBUG - [PYTHON WORKER Process-2] Finished task execution
DEBUG - [PYTHON WORKER Process-2] End task execution. Status: Ok
DEBUG - [PYTHON WORKER Process-2] - Pipe /scratch/tmp/4589364/0ee807cd-4eb9-4c42-9f8e-a3f409c5333d/s03r2b65-ib0/pipe_-1719442395_compute2.inbound END TASK MESSAGE: END_TASK 11 0 1 

