[EXECUTOR] executeTask - Begin task execution
WORKER - Parameters of execution:
  * Method type: METHOD
  * Method definition: [DECLARING CLASS=resources_in_worker, METHOD NAME=generate_object]
  * Parameter types: int
  * Parameter values: 5
  * Parameter streams: UNSPECIFIED
  * Parameter prefixes: null
  * Has Target: false
  * Has Return: true
[INVOKER] COMPSS_HOSTNAMES: s03r2b66
[INVOKER] COMPSS_NUM_NODES: 1
[INVOKER] COMPSS_NUM_THREADS: 1
[EXECUTOR] executeTask - End task execution
ask.
DEBUG - [PYTHON WORKER Process-6] - TASK CMD: ['EXECUTE_TASK', '6', '/scratch/tmp/4589364/0ee807cd-4eb9-4c42-9f8e-a3f409c5333d/s03r2b66-ib0/jobs/job6_NEW.out', '/scratch/tmp/4589364/0ee807cd-4eb9-4c42-9f8e-a3f409c5333d/s03r2b66-ib0/jobs/job6_NEW.err', 'false', '6', 'true', 'null', 'METHOD', 'resources_in_worker', 'generate_object', '1', 's03r2b66-ib0', '1', 'false', '9', '1', '2', '4', '3', 'null', 'seed', '5', '9', '3', '#', '$return_0', '/scratch/tmp/4589364/0ee807cd-4eb9-4c42-9f8e-a3f409c5333d/s03r2b66-ib0/d6v2_1549881926952.IT:/scratch/tmp/4589364/0ee807cd-4eb9-4c42-9f8e-a3f409c5333d/s03r2b66-ib0/d6v2_1549881926952.IT:false:true:/scratch/tmp/4589364/0ee807cd-4eb9-4c42-9f8e-a3f409c5333d/s03r2b66-ib0/d6v2_1549881926952.IT']
DEBUG - [PYTHON WORKER Process-6] Begin task execution
DEBUG - [PYTHON WORKER Process-6] Storage conf: null
DEBUG - [PYTHON WORKER Process-6] Params: ['resources_in_worker', 'generate_object', '1', 's03r2b66-ib0', '1', 'false', '9', '1', '2', '4', '3', 'null', 'seed', '5', '9', '3', '#', '$return_0', '/scratch/tmp/4589364/0ee807cd-4eb9-4c42-9f8e-a3f409c5333d/s03r2b66-ib0/d6v2_1549881926952.IT:/scratch/tmp/4589364/0ee807cd-4eb9-4c42-9f8e-a3f409c5333d/s03r2b66-ib0/d6v2_1549881926952.IT:false:true:/scratch/tmp/4589364/0ee807cd-4eb9-4c42-9f8e-a3f409c5333d/s03r2b66-ib0/d6v2_1549881926952.IT']
DEBUG - [PYTHON WORKER Process-6] Path: resources_in_worker
DEBUG - [PYTHON WORKER Process-6] Method name: generate_object
DEBUG - [PYTHON WORKER Process-6] Num slaves: 1
DEBUG - [PYTHON WORKER Process-6] Slaves: ['1']
DEBUG - [PYTHON WORKER Process-6] Cus: 1
DEBUG - [PYTHON WORKER Process-6] Has target: false
DEBUG - [PYTHON WORKER Process-6] Num Params: 2
DEBUG - [PYTHON WORKER Process-6] Return Length: 1
DEBUG - [PYTHON WORKER Process-6] Args: ['4', '3', 'null', 'seed', '5', '9', '3', '#', '$return_0', '/scratch/tmp/4589364/0ee807cd-4eb9-4c42-9f8e-a3f409c5333d/s03r2b66-ib0/d6v2_1549881926952.IT:/scratch/tmp/4589364/0ee807cd-4eb9-4c42-9f8e-a3f409c5333d/s03r2b66-ib0/d6v2_1549881926952.IT:false:true:/scratch/tmp/4589364/0ee807cd-4eb9-4c42-9f8e-a3f409c5333d/s03r2b66-ib0/d6v2_1549881926952.IT']
DEBUG - [PYTHON WORKER Process-6] Processing parameters:
DEBUG - [PYTHON WORKER Process-6] Parameter : 0
DEBUG - [PYTHON WORKER Process-6] 	 * Type : 4
DEBUG - [PYTHON WORKER Process-6] 	 * Stream : 3
DEBUG - [PYTHON WORKER Process-6] 	 * Prefix : null
DEBUG - [PYTHON WORKER Process-6] 	 * Name : seed
DEBUG - [PYTHON WORKER Process-6] 	 * Value: '5'
DEBUG - [PYTHON WORKER Process-6] Parameter : 1
DEBUG - [PYTHON WORKER Process-6] 	 * Type : 9
DEBUG - [PYTHON WORKER Process-6] 	 * Stream : 3
DEBUG - [PYTHON WORKER Process-6] 	 * Prefix : #
DEBUG - [PYTHON WORKER Process-6] 	 * Name : $return_0
DEBUG - [PYTHON WORKER Process-6] 	 * Value: '/scratch/tmp/4589364/0ee807cd-4eb9-4c42-9f8e-a3f409c5333d/s03r2b66-ib0/d6v2_1549881926952.IT:/scratch/tmp/4589364/0ee807cd-4eb9-4c42-9f8e-a3f409c5333d/s03r2b66-ib0/d6v2_1549881926952.IT:false:true:/scratch/tmp/4589364/0ee807cd-4eb9-4c42-9f8e-a3f409c5333d/s03r2b66-ib0/d6v2_1549881926952.IT'
DEBUG - [PYTHON WORKER Process-6] RUN TASK with arguments: 
DEBUG - [PYTHON WORKER Process-6] 	- Path: resources_in_worker
DEBUG - [PYTHON WORKER Process-6] 	- Method/function name: generate_object
DEBUG - [PYTHON WORKER Process-6] 	- Has target: false
DEBUG - [PYTHON WORKER Process-6] 	- # parameters: 2
DEBUG - [PYTHON WORKER Process-6] 	- Values:
DEBUG - [PYTHON WORKER Process-6] 		 
Parameter seed
	Type 4
	File Name None
	Key None
	Content 5
	Stream 3
	Prefix null
--------------------

DEBUG - [PYTHON WORKER Process-6] 		 
Parameter $return_0
	Type 9
	File Name /scratch/tmp/4589364/0ee807cd-4eb9-4c42-9f8e-a3f409c5333d/s03r2b66-ib0/d6v2_1549881926952.IT:/scratch/tmp/4589364/0ee807cd-4eb9-4c42-9f8e-a3f409c5333d/s03r2b66-ib0/d6v2_1549881926952.IT:false:true:/scratch/tmp/4589364/0ee807cd-4eb9-4c42-9f8e-a3f409c5333d/s03r2b66-ib0/d6v2_1549881926952.IT
	Key None
	Content None
	Stream 3
	Prefix #
--------------------

DEBUG - [PYTHON WORKER Process-6] 	- COMPSs types:
DEBUG - [PYTHON WORKER Process-6] 		 4
DEBUG - [PYTHON WORKER Process-6] 		 9
DEBUG - [PYTHON WORKER Process-6] Trying to import the user module: resources_in_worker
DEBUG - [PYTHON WORKER Process-6] Module successfully loaded (Python version >= 2.7)
DEBUG - [PYTHON WORKER Process-6] Starting task execution
DEBUG - [PYTHON WORKER Process-6] Types : [4, 9] 
DEBUG - [PYTHON WORKER Process-6] Values: [
Parameter seed
	Type 4
	File Name None
	Key None
	Content 5
	Stream 3
	Prefix null
--------------------
, 
Parameter $return_0
	Type 9
	File Name /scratch/tmp/4589364/0ee807cd-4eb9-4c42-9f8e-a3f409c5333d/s03r2b66-ib0/d6v2_1549881926952.IT:/scratch/tmp/4589364/0ee807cd-4eb9-4c42-9f8e-a3f409c5333d/s03r2b66-ib0/d6v2_1549881926952.IT:false:true:/scratch/tmp/4589364/0ee807cd-4eb9-4c42-9f8e-a3f409c5333d/s03r2b66-ib0/d6v2_1549881926952.IT
	Key None
	Content None
	Stream 3
	Prefix #
--------------------
] 
DEBUG - [PYTHON WORKER Process-6] Return Types : [] 
DEBUG - [PYTHON WORKER Process-6] Return Values: [] 
DEBUG - [PYTHON WORKER Process-6] Return isModifier: True 
DEBUG - [PYTHON WORKER Process-6] Finished task execution
DEBUG - [PYTHON WORKER Process-6] End task execution. Status: Ok
DEBUG - [PYTHON WORKER Process-6] - Pipe /scratch/tmp/4589364/0ee807cd-4eb9-4c42-9f8e-a3f409c5333d/s03r2b66-ib0/pipe_1853867606_compute6.inbound END TASK MESSAGE: END_TASK 6 0 1 

