[EXECUTOR] executeTask - Begin task execution
WORKER - Parameters of execution:
  * Method type: METHOD
  * Method definition: [DECLARING CLASS=resources_in_worker, METHOD NAME=generate_object]
  * Parameter types: int
  * Parameter values: 7
  * Parameter streams: UNSPECIFIED
  * Parameter prefixes: null
  * Has Target: false
  * Has Return: true
[INVOKER] COMPSS_HOSTNAMES: s03r2b66
[INVOKER] COMPSS_NUM_NODES: 1
[INVOKER] COMPSS_NUM_THREADS: 1
[EXECUTOR] executeTask - End task execution
ask.
DEBUG - [PYTHON WORKER Process-7] - TASK CMD: ['EXECUTE_TASK', '8', '/scratch/tmp/4589364/0ee807cd-4eb9-4c42-9f8e-a3f409c5333d/s03r2b66-ib0/jobs/job8_NEW.out', '/scratch/tmp/4589364/0ee807cd-4eb9-4c42-9f8e-a3f409c5333d/s03r2b66-ib0/jobs/job8_NEW.err', 'false', '8', 'true', 'null', 'METHOD', 'resources_in_worker', 'generate_object', '1', 's03r2b66-ib0', '1', 'false', '9', '1', '2', '4', '3', 'null', 'seed', '7', '9', '3', '#', '$return_0', '/scratch/tmp/4589364/0ee807cd-4eb9-4c42-9f8e-a3f409c5333d/s03r2b66-ib0/d8v2_1549881926952.IT:/scratch/tmp/4589364/0ee807cd-4eb9-4c42-9f8e-a3f409c5333d/s03r2b66-ib0/d8v2_1549881926952.IT:false:true:/scratch/tmp/4589364/0ee807cd-4eb9-4c42-9f8e-a3f409c5333d/s03r2b66-ib0/d8v2_1549881926952.IT']
DEBUG - [PYTHON WORKER Process-7] Begin task execution
DEBUG - [PYTHON WORKER Process-7] Storage conf: null
DEBUG - [PYTHON WORKER Process-7] Params: ['resources_in_worker', 'generate_object', '1', 's03r2b66-ib0', '1', 'false', '9', '1', '2', '4', '3', 'null', 'seed', '7', '9', '3', '#', '$return_0', '/scratch/tmp/4589364/0ee807cd-4eb9-4c42-9f8e-a3f409c5333d/s03r2b66-ib0/d8v2_1549881926952.IT:/scratch/tmp/4589364/0ee807cd-4eb9-4c42-9f8e-a3f409c5333d/s03r2b66-ib0/d8v2_1549881926952.IT:false:true:/scratch/tmp/4589364/0ee807cd-4eb9-4c42-9f8e-a3f409c5333d/s03r2b66-ib0/d8v2_1549881926952.IT']
DEBUG - [PYTHON WORKER Process-7] Path: resources_in_worker
DEBUG - [PYTHON WORKER Process-7] Method name: generate_object
DEBUG - [PYTHON WORKER Process-7] Num slaves: 1
DEBUG - [PYTHON WORKER Process-7] Slaves: ['1']
DEBUG - [PYTHON WORKER Process-7] Cus: 1
DEBUG - [PYTHON WORKER Process-7] Has target: false
DEBUG - [PYTHON WORKER Process-7] Num Params: 2
DEBUG - [PYTHON WORKER Process-7] Return Length: 1
DEBUG - [PYTHON WORKER Process-7] Args: ['4', '3', 'null', 'seed', '7', '9', '3', '#', '$return_0', '/scratch/tmp/4589364/0ee807cd-4eb9-4c42-9f8e-a3f409c5333d/s03r2b66-ib0/d8v2_1549881926952.IT:/scratch/tmp/4589364/0ee807cd-4eb9-4c42-9f8e-a3f409c5333d/s03r2b66-ib0/d8v2_1549881926952.IT:false:true:/scratch/tmp/4589364/0ee807cd-4eb9-4c42-9f8e-a3f409c5333d/s03r2b66-ib0/d8v2_1549881926952.IT']
DEBUG - [PYTHON WORKER Process-7] Processing parameters:
DEBUG - [PYTHON WORKER Process-7] Parameter : 0
DEBUG - [PYTHON WORKER Process-7] 	 * Type : 4
DEBUG - [PYTHON WORKER Process-7] 	 * Stream : 3
DEBUG - [PYTHON WORKER Process-7] 	 * Prefix : null
DEBUG - [PYTHON WORKER Process-7] 	 * Name : seed
DEBUG - [PYTHON WORKER Process-7] 	 * Value: '7'
DEBUG - [PYTHON WORKER Process-7] Parameter : 1
DEBUG - [PYTHON WORKER Process-7] 	 * Type : 9
DEBUG - [PYTHON WORKER Process-7] 	 * Stream : 3
DEBUG - [PYTHON WORKER Process-7] 	 * Prefix : #
DEBUG - [PYTHON WORKER Process-7] 	 * Name : $return_0
DEBUG - [PYTHON WORKER Process-7] 	 * Value: '/scratch/tmp/4589364/0ee807cd-4eb9-4c42-9f8e-a3f409c5333d/s03r2b66-ib0/d8v2_1549881926952.IT:/scratch/tmp/4589364/0ee807cd-4eb9-4c42-9f8e-a3f409c5333d/s03r2b66-ib0/d8v2_1549881926952.IT:false:true:/scratch/tmp/4589364/0ee807cd-4eb9-4c42-9f8e-a3f409c5333d/s03r2b66-ib0/d8v2_1549881926952.IT'
DEBUG - [PYTHON WORKER Process-7] RUN TASK with arguments: 
DEBUG - [PYTHON WORKER Process-7] 	- Path: resources_in_worker
DEBUG - [PYTHON WORKER Process-7] 	- Method/function name: generate_object
DEBUG - [PYTHON WORKER Process-7] 	- Has target: false
DEBUG - [PYTHON WORKER Process-7] 	- # parameters: 2
DEBUG - [PYTHON WORKER Process-7] 	- Values:
DEBUG - [PYTHON WORKER Process-7] 		 
Parameter seed
	Type 4
	File Name None
	Key None
	Content 7
	Stream 3
	Prefix null
--------------------

DEBUG - [PYTHON WORKER Process-7] 		 
Parameter $return_0
	Type 9
	File Name /scratch/tmp/4589364/0ee807cd-4eb9-4c42-9f8e-a3f409c5333d/s03r2b66-ib0/d8v2_1549881926952.IT:/scratch/tmp/4589364/0ee807cd-4eb9-4c42-9f8e-a3f409c5333d/s03r2b66-ib0/d8v2_1549881926952.IT:false:true:/scratch/tmp/4589364/0ee807cd-4eb9-4c42-9f8e-a3f409c5333d/s03r2b66-ib0/d8v2_1549881926952.IT
	Key None
	Content None
	Stream 3
	Prefix #
--------------------

DEBUG - [PYTHON WORKER Process-7] 	- COMPSs types:
DEBUG - [PYTHON WORKER Process-7] 		 4
DEBUG - [PYTHON WORKER Process-7] 		 9
DEBUG - [PYTHON WORKER Process-7] Trying to import the user module: resources_in_worker
DEBUG - [PYTHON WORKER Process-7] Module successfully loaded (Python version >= 2.7)
DEBUG - [PYTHON WORKER Process-7] Starting task execution
DEBUG - [PYTHON WORKER Process-7] Types : [4, 9] 
DEBUG - [PYTHON WORKER Process-7] Values: [
Parameter seed
	Type 4
	File Name None
	Key None
	Content 7
	Stream 3
	Prefix null
--------------------
, 
Parameter $return_0
	Type 9
	File Name /scratch/tmp/4589364/0ee807cd-4eb9-4c42-9f8e-a3f409c5333d/s03r2b66-ib0/d8v2_1549881926952.IT:/scratch/tmp/4589364/0ee807cd-4eb9-4c42-9f8e-a3f409c5333d/s03r2b66-ib0/d8v2_1549881926952.IT:false:true:/scratch/tmp/4589364/0ee807cd-4eb9-4c42-9f8e-a3f409c5333d/s03r2b66-ib0/d8v2_1549881926952.IT
	Key None
	Content None
	Stream 3
	Prefix #
--------------------
] 
DEBUG - [PYTHON WORKER Process-7] Return Types : [] 
DEBUG - [PYTHON WORKER Process-7] Return Values: [] 
DEBUG - [PYTHON WORKER Process-7] Return isModifier: True 
DEBUG - [PYTHON WORKER Process-7] Finished task execution
DEBUG - [PYTHON WORKER Process-7] End task execution. Status: Ok
DEBUG - [PYTHON WORKER Process-7] - Pipe /scratch/tmp/4589364/0ee807cd-4eb9-4c42-9f8e-a3f409c5333d/s03r2b66-ib0/pipe_1853867606_compute7.inbound END TASK MESSAGE: END_TASK 8 0 1 

